AppOffer_2.4.9_Demo/build/outputs/logs/manifest-merger-debug-report.txt
-- Merging decision tree log ---
manifest
ADDED from WeChatLucky\AppOffer_2.4.9_Demo\AndroidManifest.xml:2:1-47:12
	package
		ADDED from WeChatLucky\AppOffer_2.4.9_Demo\AndroidManifest.xml:3:5-27
		INJECTED from WeChatLucky\AppOffer_2.4.9_Demo\AndroidManifest.xml
		INJECTED from WeChatLucky\AppOffer_2.4.9_Demo\AndroidManifest.xml
	android:versionName
		ADDED from WeChatLucky\AppOffer_2.4.9_Demo\AndroidManifest.xml:5:5-32
		INJECTED from WeChatLucky\AppOffer_2.4.9_Demo\AndroidManifest.xml
		INJECTED from WeChatLucky\AppOffer_2.4.9_Demo\AndroidManifest.xml
	android:versionCode
		ADDED from WeChatLucky\AppOffer_2.4.9_Demo\AndroidManifest.xml:4:5-28
		INJECTED from WeChatLucky\AppOffer_2.4.9_Demo\AndroidManifest.xml
		INJECTED from WeChatLucky\AppOffer_2.4.9_Demo\AndroidManifest.xml
	xmlns:android
		ADDED from WeChatLucky\AppOffer_2.4.9_Demo\AndroidManifest.xml:2:11-69
uses-sdk
ADDED from WeChatLucky\AppOffer_2.4.9_Demo\AndroidManifest.xml:7:5-43
MERGED from [com.android.support:appcompat-v7:20.0.0] AndroidManifest.xml:16:5-42
MERGED from [com.android.support:support-v4:20.0.0] AndroidManifest.xml:16:5-42
	android:targetSdkVersion
		INJECTED from WeChatLucky\AppOffer_2.4.9_Demo\AndroidManifest.xml
		INJECTED from WeChatLucky\AppOffer_2.4.9_Demo\AndroidManifest.xml
	android:minSdkVersion
		ADDED from WeChatLucky\AppOffer_2.4.9_Demo\AndroidManifest.xml:7:15-40
		INJECTED from WeChatLucky\AppOffer_2.4.9_Demo\AndroidManifest.xml
		INJECTED from WeChatLucky\AppOffer_2.4.9_Demo\AndroidManifest.xml
uses-permission#android.permission.INTERNET
ADDED from WeChatLucky\AppOffer_2.4.9_Demo\AndroidManifest.xml:9:5-67
	android:name
		ADDED from WeChatLucky\AppOffer_2.4.9_Demo\AndroidManifest.xml:9:22-64
uses-permission#android.permission.ACCESS_NETWORK_STATE
ADDED from WeChatLucky\AppOffer_2.4.9_Demo\AndroidManifest.xml:10:5-79
	android:name
		ADDED from WeChatLucky\AppOffer_2.4.9_Demo\AndroidManifest.xml:10:22-76
uses-permission#android.permission.ACCESS_WIFI_STATE
ADDED from WeChatLucky\AppOffer_2.4.9_Demo\AndroidManifest.xml:11:5-76
	android:name
		ADDED from WeChatLucky\AppOffer_2.4.9_Demo\AndroidManifest.xml:11:22-73
uses-permission#android.permission.READ_PHONE_STATE
ADDED from WeChatLucky\AppOffer_2.4.9_Demo\AndroidManifest.xml:12:5-75
	android:name
		ADDED from WeChatLucky\AppOffer_2.4.9_Demo\AndroidManifest.xml:12:22-72
uses-permission#android.permission.WRITE_EXTERNAL_STORAGE
ADDED from WeChatLucky\AppOffer_2.4.9_Demo\AndroidManifest.xml:13:5-81
	android:name
		ADDED from WeChatLucky\AppOffer_2.4.9_Demo\AndroidManifest.xml:13:22-78
uses-permission#android.permission.GET_TASKS
ADDED from WeChatLucky\AppOffer_2.4.9_Demo\AndroidManifest.xml:14:5-68
	android:name
		ADDED from WeChatLucky\AppOffer_2.4.9_Demo\AndroidManifest.xml:14:22-65
uses-permission#android.permission.SYSTEM_ALERT_WINDOW
ADDED from WeChatLucky\AppOffer_2.4.9_Demo\AndroidManifest.xml:17:5-78
	android:name
		ADDED from WeChatLucky\AppOffer_2.4.9_Demo\AndroidManifest.xml:17:22-75
uses-permission#android.permission.SYSTEM_OVERLAY_WINDOW
ADDED from WeChatLucky\AppOffer_2.4.9_Demo\AndroidManifest.xml:18:5-80
	android:name
		ADDED from WeChatLucky\AppOffer_2.4.9_Demo\AndroidManifest.xml:18:22-77
android:uses-permission#android.permission.READ_EXTERNAL_STORAGE
ADDED from WeChatLucky\AppOffer_2.4.9_Demo\AndroidManifest.xml:20:5-88
	android:name
		ADDED from WeChatLucky\AppOffer_2.4.9_Demo\AndroidManifest.xml:20:30-85
application
ADDED from WeChatLucky\AppOffer_2.4.9_Demo\AndroidManifest.xml:22:5-45:19
MERGED from [com.android.support:appcompat-v7:20.0.0] AndroidManifest.xml:17:5-19
MERGED from [com.android.support:support-v4:20.0.0] AndroidManifest.xml:17:5-19
	android:label
		ADDED from WeChatLucky\AppOffer_2.4.9_Demo\AndroidManifest.xml:24:9-41
	android:icon
		ADDED from WeChatLucky\AppOffer_2.4.9_Demo\AndroidManifest.xml:23:9-38
activity#cn.waps.d249.DemoApp
ADDED from WeChatLucky\AppOffer_2.4.9_Demo\AndroidManifest.xml:25:9-34:20
	android:label
		ADDED from WeChatLucky\AppOffer_2.4.9_Demo\AndroidManifest.xml:28:13-45
	android:configChanges
		ADDED from WeChatLucky\AppOffer_2.4.9_Demo\AndroidManifest.xml:27:13-63
	android:name
		ADDED from WeChatLucky\AppOffer_2.4.9_Demo\AndroidManifest.xml:26:13-36
intent-filter#android.intent.action.MAIN+android.intent.category.LAUNCHER
ADDED from WeChatLucky\AppOffer_2.4.9_Demo\AndroidManifest.xml:29:13-33:29
action#android.intent.action.MAIN
ADDED from WeChatLucky\AppOffer_2.4.9_Demo\AndroidManifest.xml:30:17-69
	android:name
		ADDED from WeChatLucky\AppOffer_2.4.9_Demo\AndroidManifest.xml:30:25-66
category#android.intent.category.LAUNCHER
ADDED from WeChatLucky\AppOffer_2.4.9_Demo\AndroidManifest.xml:32:17-77
	android:name
		ADDED from WeChatLucky\AppOffer_2.4.9_Demo\AndroidManifest.xml:32:27-74
activity#cn.waps.extend.AppWall
ADDED from WeChatLucky\AppOffer_2.4.9_Demo\AndroidManifest.xml:35:9-37:66
	android:configChanges
		ADDED from WeChatLucky\AppOffer_2.4.9_Demo\AndroidManifest.xml:37:13-63
	android:name
		ADDED from WeChatLucky\AppOffer_2.4.9_Demo\AndroidManifest.xml:36:13-50
activity#cn.waps.d249.MainActivity
ADDED from WeChatLucky\AppOffer_2.4.9_Demo\AndroidManifest.xml:42:9-44:20
	android:name
		ADDED from WeChatLucky\AppOffer_2.4.9_Demo\AndroidManifest.xml:42:19-47